<?xml version="1.0" encoding="UTF-8"?>
<testng-results ignored="0" total="1" passed="1" failed="0" skipped="0">
  <reporter-output>
  </reporter-output>
  <suite started-at="2024-03-07T14:25:19 IST" name="Default suite" finished-at="2024-03-07T14:25:19 IST" duration-ms="114">
    <groups>
    </groups>
    <test started-at="2024-03-07T14:25:19 IST" name="Default test" finished-at="2024-03-07T14:25:19 IST" duration-ms="114">
      <class name="samplemaven.Chaitra_P2_Test">
        <test-method signature="test()[pri:0, instance:samplemaven.Chaitra_P2_Test@d9345cd]" started-at="2024-03-07T14:25:19 IST" name="test" finished-at="2024-03-07T14:25:19 IST" duration-ms="18" status="PASS">
          <reporter-output>
          </reporter-output>
        </test-method> <!-- test -->
      </class> <!-- samplemaven.Chaitra_P2_Test -->
    </test> <!-- Default test -->
  </suite> <!-- Default suite -->
</testng-results>
